{
"contracts/Voting.sol":{"l":{"34":1,"36":1,"37":1,"39":1,"40":3,"48":5,"49":5,"50":5,"51":5,"58":2,"62":18,"63":17,"65":15,"66":15,"69":15,"70":15,"71":15,"72":15,"74":15,"80":4,"81":4,"82":3,"84":1,"88":4,"89":4,"90":4,"92":4,"93":12,"94":12,"96":12,"97":18,"99":12,"100":42,"101":42,"104":12,"105":12,"106":12,"111":4,"117":2,"121":3,"122":1,"123":1,"124":1,"125":1,"126":1},"path":"/workspaces/javascript-node/contracts/Voting.sol","s":{"1":1,"2":1,"3":3,"4":2,"5":18,"6":17,"7":15,"8":15,"9":4,"10":4,"11":3,"12":1,"13":4,"14":4,"15":4,"16":4,"17":12,"18":12,"19":12,"20":18,"21":12,"22":4,"23":2,"24":3,"25":1,"26":1,"27":1,"28":1,"29":1},"b":{"1":[1,0],"2":[17,1],"3":[15,2],"4":[3,1],"5":[12,6],"6":[1,2],"7":[1,0],"8":[1,0]},"f":{"1":1,"2":5,"3":2,"4":18,"5":4,"6":4,"7":2,"8":3},"fnMap":{"1":{"name":"constructor","line":33,"loc":{"start":{"line":33,"column":4},"end":{"line":42,"column":4}}},"2":{"name":"_addMovie","line":47,"loc":{"start":{"line":47,"column":4},"end":{"line":52,"column":4}}},"3":{"name":"addMovie","line":57,"loc":{"start":{"line":57,"column":4},"end":{"line":59,"column":4}}},"4":{"name":"vote","line":61,"loc":{"start":{"line":61,"column":4},"end":{"line":75,"column":4}}},"5":{"name":"getMovieById","line":79,"loc":{"start":{"line":79,"column":4},"end":{"line":85,"column":4}}},"6":{"name":"getTop5Movies","line":87,"loc":{"start":{"line":87,"column":4},"end":{"line":112,"column":4}}},"7":{"name":"getVoteCountByMovieId","line":114,"loc":{"start":{"line":114,"column":4},"end":{"line":118,"column":4}}},"8":{"name":"getMovieVotedFor","line":120,"loc":{"start":{"line":120,"column":4},"end":{"line":127,"column":4}}}},"statementMap":{"1":{"start":{"line":34,"column":8},"end":{"line":34,"column":95}},"2":{"start":{"line":39,"column":8},"end":{"line":39,"column":1402}},"3":{"start":{"line":40,"column":12},"end":{"line":40,"column":63}},"4":{"start":{"line":58,"column":8},"end":{"line":58,"column":32}},"5":{"start":{"line":62,"column":8},"end":{"line":62,"column":54}},"6":{"start":{"line":63,"column":8},"end":{"line":63,"column":78}},"7":{"start":{"line":69,"column":8},"end":{"line":69,"column":37}},"8":{"start":{"line":74,"column":8},"end":{"line":74,"column":28}},"9":{"start":{"line":80,"column":8},"end":{"line":80,"column":55}},"10":{"start":{"line":81,"column":8},"end":{"line":81,"column":2688}},"11":{"start":{"line":82,"column":12},"end":{"line":82,"column":30}},"12":{"start":{"line":84,"column":8},"end":{"line":84,"column":17}},"13":{"start":{"line":88,"column":8},"end":{"line":88,"column":36}},"14":{"start":{"line":89,"column":8},"end":{"line":89,"column":34}},"15":{"start":{"line":90,"column":8},"end":{"line":90,"column":32}},"16":{"start":{"line":92,"column":8},"end":{"line":92,"column":2992}},"17":{"start":{"line":93,"column":12},"end":{"line":93,"column":36}},"18":{"start":{"line":94,"column":12},"end":{"line":94,"column":38}},"19":{"start":{"line":96,"column":12},"end":{"line":96,"column":3123}},"20":{"start":{"line":97,"column":16},"end":{"line":97,"column":3177}},"21":{"start":{"line":99,"column":20},"end":{"line":99,"column":3272}},"22":{"start":{"line":111,"column":8},"end":{"line":111,"column":21}},"23":{"start":{"line":117,"column":8},"end":{"line":117,"column":35}},"24":{"start":{"line":121,"column":8},"end":{"line":121,"column":60}},"25":{"start":{"line":122,"column":8},"end":{"line":122,"column":49}},"26":{"start":{"line":123,"column":8},"end":{"line":123,"column":57}},"27":{"start":{"line":124,"column":8},"end":{"line":124,"column":88}},"28":{"start":{"line":125,"column":8},"end":{"line":125,"column":51}},"29":{"start":{"line":126,"column":8},"end":{"line":126,"column":34}}},"branchMap":{"1":{"line":34,"type":"if","locations":[{"start":{"line":34,"column":8},"end":{"line":34,"column":8}},{"start":{"line":34,"column":8},"end":{"line":34,"column":8}}]},"2":{"line":62,"type":"if","locations":[{"start":{"line":62,"column":8},"end":{"line":62,"column":8}},{"start":{"line":62,"column":8},"end":{"line":62,"column":8}}]},"3":{"line":63,"type":"if","locations":[{"start":{"line":63,"column":8},"end":{"line":63,"column":8}},{"start":{"line":63,"column":8},"end":{"line":63,"column":8}}]},"4":{"line":81,"type":"if","locations":[{"start":{"line":81,"column":8},"end":{"line":81,"column":8}},{"start":{"line":81,"column":8},"end":{"line":81,"column":8}}]},"5":{"line":97,"type":"if","locations":[{"start":{"line":97,"column":16},"end":{"line":97,"column":16}},{"start":{"line":97,"column":16},"end":{"line":97,"column":16}}]},"6":{"line":121,"type":"if","locations":[{"start":{"line":121,"column":8},"end":{"line":121,"column":8}},{"start":{"line":121,"column":8},"end":{"line":121,"column":8}}]},"7":{"line":123,"type":"if","locations":[{"start":{"line":123,"column":8},"end":{"line":123,"column":8}},{"start":{"line":123,"column":8},"end":{"line":123,"column":8}}]},"8":{"line":124,"type":"if","locations":[{"start":{"line":124,"column":8},"end":{"line":124,"column":8}},{"start":{"line":124,"column":8},"end":{"line":124,"column":8}}]}}}}
