TN:
SF:/workspaces/javascript-node/contracts/Voting.sol
FN:33,constructor
FN:47,_addMovie
FN:57,addMovie
FN:61,vote
FN:79,getMovieById
FN:87,getTop5Movies
FN:114,getVoteCountByMovieId
FN:120,getMovieVotedFor
FNF:8
FNH:8
FNDA:1,constructor
FNDA:5,_addMovie
FNDA:2,addMovie
FNDA:18,vote
FNDA:4,getMovieById
FNDA:4,getTop5Movies
FNDA:2,getVoteCountByMovieId
FNDA:3,getMovieVotedFor
DA:34,1
DA:36,1
DA:37,1
DA:39,1
DA:40,3
DA:48,5
DA:49,5
DA:50,5
DA:51,5
DA:58,2
DA:62,18
DA:63,17
DA:65,15
DA:66,15
DA:69,15
DA:70,15
DA:71,15
DA:72,15
DA:74,15
DA:80,4
DA:81,4
DA:82,3
DA:84,1
DA:88,4
DA:89,4
DA:90,4
DA:92,4
DA:93,12
DA:94,12
DA:96,12
DA:97,18
DA:99,12
DA:100,42
DA:101,42
DA:104,12
DA:105,12
DA:106,12
DA:111,4
DA:117,2
DA:121,3
DA:122,1
DA:123,1
DA:124,1
DA:125,1
DA:126,1
LF:45
LH:45
BRDA:34,1,0,1
BRDA:34,1,1,0
BRDA:62,2,0,17
BRDA:62,2,1,1
BRDA:63,3,0,15
BRDA:63,3,1,2
BRDA:81,4,0,3
BRDA:81,4,1,1
BRDA:97,5,0,12
BRDA:97,5,1,6
BRDA:121,6,0,1
BRDA:121,6,1,2
BRDA:123,7,0,1
BRDA:123,7,1,0
BRDA:124,8,0,1
BRDA:124,8,1,0
BRF:16
BRH:13
end_of_record
